<?xml version="1.0" encoding="UTF-8"?>
<testng-results ignored="0" total="1" passed="1" failed="0" skipped="0">
  <reporter-output>
  </reporter-output>
  <suite started-at="2024-01-12T10:58:28Z" name="Suite" finished-at="2024-01-12T10:58:34Z" duration-ms="6076">
    <groups>
    </groups>
    <test started-at="2024-01-12T10:58:28Z" name="Test" finished-at="2024-01-12T10:58:34Z" duration-ms="6076">
      <class name="MainPackage.MainClass">
        <test-method is-config="true" signature="tearDN()[pri:0, instance:MainPackage.MainClass@5a45133e]" started-at="2024-01-12T10:58:26Z" name="tearDN" finished-at="2024-01-12T10:58:28Z" duration-ms="1482" status="PASS">
          <reporter-output>
          </reporter-output>
        </test-method> <!-- tearDN -->
        <test-method signature="LogIntoThePage()[pri:0, instance:MainPackage.MainClass@5a45133e]" started-at="2024-01-12T10:58:28Z" name="LogIntoThePage" finished-at="2024-01-12T10:58:34Z" duration-ms="6061" status="PASS">
          <reporter-output>
          </reporter-output>
        </test-method> <!-- LogIntoThePage -->
        <test-method is-config="true" signature="closing()[pri:0, instance:MainPackage.MainClass@5a45133e]" started-at="2024-01-12T10:58:34Z" name="closing" finished-at="2024-01-12T10:58:34Z" duration-ms="182" status="PASS">
          <reporter-output>
          </reporter-output>
        </test-method> <!-- closing -->
      </class> <!-- MainPackage.MainClass -->
    </test> <!-- Test -->
  </suite> <!-- Suite -->
</testng-results>
