<?xml version="1.0" encoding="UTF-8"?>
<testng-results ignored="0" total="1" passed="1" failed="0" skipped="0">
  <reporter-output>
  </reporter-output>
  <suite started-at="2024-01-12T10:56:58Z" name="Suite" finished-at="2024-01-12T10:57:04Z" duration-ms="5792">
    <groups>
    </groups>
    <test started-at="2024-01-12T10:56:58Z" name="Test" finished-at="2024-01-12T10:57:04Z" duration-ms="5792">
      <class name="MainPackage.MainClass">
        <test-method is-config="true" signature="tearDN()[pri:0, instance:MainPackage.MainClass@3de8f619]" started-at="2024-01-12T10:56:57Z" name="tearDN" finished-at="2024-01-12T10:56:58Z" duration-ms="1443" status="PASS">
          <reporter-output>
          </reporter-output>
        </test-method> <!-- tearDN -->
        <test-method signature="LogIntoThePage()[pri:0, instance:MainPackage.MainClass@3de8f619]" started-at="2024-01-12T10:56:58Z" name="LogIntoThePage" finished-at="2024-01-12T10:57:04Z" duration-ms="5771" status="PASS">
          <reporter-output>
          </reporter-output>
        </test-method> <!-- LogIntoThePage -->
        <test-method is-config="true" signature="closing()[pri:0, instance:MainPackage.MainClass@3de8f619]" started-at="2024-01-12T10:57:04Z" name="closing" finished-at="2024-01-12T10:57:04Z" duration-ms="137" status="PASS">
          <reporter-output>
          </reporter-output>
        </test-method> <!-- closing -->
      </class> <!-- MainPackage.MainClass -->
    </test> <!-- Test -->
  </suite> <!-- Suite -->
</testng-results>
